

================================================================
== Vivado HLS Report for 'store_output'
================================================================
* Date:           Tue Mar 19 14:53:51 2024

* Version:        2019.2 (Build 2704478 on Wed Nov 06 22:10:23 MST 2019)
* Project:        test_conv
* Solution:       solution1
* Product family: zynq
* Target device:  xc7z020-clg400-2


================================================================
== Performance Estimates
================================================================
+ Timing: 
    * Summary: 
    +--------+----------+----------+------------+
    |  Clock |  Target  | Estimated| Uncertainty|
    +--------+----------+----------+------------+
    |ap_clk  | 10.00 ns | 8.750 ns |   1.25 ns  |
    +--------+----------+----------+------------+

+ Latency: 
    * Summary: 
    +---------+---------+----------+----------+-------+-------+---------+
    |  Latency (cycles) |  Latency (absolute) |    Interval   | Pipeline|
    |   min   |   max   |    min   |    max   |  min  |  max  |   Type  |
    +---------+---------+----------+----------+-------+-------+---------+
    |    57353|    57353| 0.574 ms | 0.574 ms |  57353|  57353|   none  |
    +---------+---------+----------+----------+-------+-------+---------+

    + Detail: 
        * Instance: 
        N/A

        * Loop: 
        +---------------------+---------+---------+----------+-----------+-----------+------+----------+
        |                     |  Latency (cycles) | Iteration|  Initiation Interval  | Trip |          |
        |      Loop Name      |   min   |   max   |  Latency |  achieved |   target  | Count| Pipelined|
        +---------------------+---------+---------+----------+-----------+-----------+------+----------+
        |- Loop 1             |    57352|    57352|     14338|          -|          -|     4|    no    |
        | + Loop 1.1          |    14336|    14336|       512|          -|          -|    28|    no    |
        |  ++ Loop 1.1.1      |      504|      504|        18|          -|          -|    28|    no    |
        |   +++ Loop 1.1.1.1  |       16|       16|         4|          -|          -|     4|    no    |
        +---------------------+---------+---------+----------+-----------+-----------+------+----------+



================================================================
== Utilization Estimates
================================================================
* Summary: 
+-----------------+---------+-------+--------+-------+-----+
|       Name      | BRAM_18K| DSP48E|   FF   |  LUT  | URAM|
+-----------------+---------+-------+--------+-------+-----+
|DSP              |        -|      1|       -|      -|    -|
|Expression       |        -|      -|       0|   1218|    -|
|FIFO             |        -|      -|       -|      -|    -|
|Instance         |        -|      -|       -|      -|    -|
|Memory           |        -|      -|       -|      -|    -|
|Multiplexer      |        -|      -|       -|     27|    -|
|Register         |        -|      -|     353|      -|    -|
+-----------------+---------+-------+--------+-------+-----+
|Total            |        0|      1|     353|   1245|    0|
+-----------------+---------+-------+--------+-------+-----+
|Available        |      280|    220|  106400|  53200|    0|
+-----------------+---------+-------+--------+-------+-----+
|Utilization (%)  |        0|   ~0  |   ~0   |      2|    0|
+-----------------+---------+-------+--------+-------+-----+

+ Detail: 
    * Instance: 
    N/A

    * DSP48E: 
    +---------------------------+----------------------+-----------+
    |          Instance         |        Module        | Expression|
    +---------------------------+----------------------+-----------+
    |conv_mul_mul_5ns_fYi_U158  |conv_mul_mul_5ns_fYi  |  i0 * i1  |
    +---------------------------+----------------------+-----------+

    * Memory: 
    N/A

    * FIFO: 
    N/A

    * Expression: 
    +--------------------------+----------+-------+---+-----+------------+------------+
    |       Variable Name      | Operation| DSP48E| FF| LUT | Bitwidth P0| Bitwidth P1|
    +--------------------------+----------+-------+---+-----+------------+------------+
    |add_ln1495_fu_547_p2      |     +    |      0|  0|   15|          13|          15|
    |add_ln180_fu_357_p2       |     +    |      0|  0|   34|          34|          34|
    |add_ln62_1_fu_452_p2      |     +    |      0|  0|   12|          12|          12|
    |add_ln62_2_fu_487_p2      |     +    |      0|  0|   15|          15|          15|
    |add_ln62_fu_412_p2        |     +    |      0|  0|    7|           5|           5|
    |add_ln64_1_fu_295_p2      |     +    |      0|  0|   17|          17|          17|
    |add_ln64_2_fu_338_p2      |     +    |      0|  0|   15|          33|          33|
    |add_ln64_3_fu_343_p2      |     +    |      0|  0|   15|          33|          33|
    |add_ln64_fu_257_p2        |     +    |      0|  0|    7|           7|           7|
    |i_fu_289_p2               |     +    |      0|  0|    7|           5|           1|
    |j_fu_382_p2               |     +    |      0|  0|    7|           5|           1|
    |k_fu_402_p2               |     +    |      0|  0|    4|           3|           1|
    |mm_fu_348_p2              |     +    |      0|  0|    7|           5|           3|
    |sub_ln62_1_fu_481_p2      |     -    |      0|  0|   15|          15|          15|
    |sub_ln62_fu_442_p2        |     -    |      0|  0|   11|          11|          11|
    |sub_ln64_fu_324_p2        |     -    |      0|  0|   25|          25|          25|
    |and_ln414_1_fu_677_p2     |    and   |      0|  0|   64|          64|          64|
    |and_ln414_2_fu_683_p2     |    and   |      0|  0|   64|          64|          64|
    |and_ln414_fu_665_p2       |    and   |      0|  0|   64|          64|          64|
    |ap_block_state7_io        |    and   |      0|  0|    1|           1|           1|
    |icmp_ln1494_fu_517_p2     |   icmp   |      0|  0|    7|          16|          13|
    |icmp_ln414_fu_575_p2      |   icmp   |      0|  0|    3|           6|           6|
    |icmp_ln57_fu_283_p2       |   icmp   |      0|  0|    2|           5|           4|
    |icmp_ln58_fu_376_p2       |   icmp   |      0|  0|    2|           5|           4|
    |icmp_ln60_fu_396_p2       |   icmp   |      0|  0|    2|           3|           4|
    |lshr_ln414_fu_659_p2      |   lshr   |      0|  0|  182|           2|          64|
    |or_ln1495_fu_557_p2       |    or    |      0|  0|    1|           1|           1|
    |or_ln62_fu_503_p2         |    or    |      0|  0|    6|           4|           6|
    |p_Result_s_fu_689_p2      |    or    |      0|  0|   64|          64|          64|
    |p_Val2_2_fu_563_p3        |  select  |      0|  0|   16|           1|          16|
    |select_ln414_1_fu_618_p3  |  select  |      0|  0|    7|           1|           7|
    |select_ln414_2_fu_591_p3  |  select  |      0|  0|    7|           1|           7|
    |select_ln414_3_fu_647_p3  |  select  |      0|  0|   64|           1|          64|
    |select_ln414_fu_612_p3    |  select  |      0|  0|    7|           1|           7|
    |shl_ln414_1_fu_653_p2     |    shl   |      0|  0|  182|           2|          64|
    |shl_ln414_fu_603_p2       |    shl   |      0|  0|  182|          64|          64|
    |xor_ln414_1_fu_624_p2     |    xor   |      0|  0|    7|           7|           6|
    |xor_ln414_2_fu_671_p2     |    xor   |      0|  0|   64|           2|          64|
    |xor_ln414_fu_585_p2       |    xor   |      0|  0|    7|           7|           6|
    +--------------------------+----------+-------+---+-----+------------+------------+
    |Total                     |          |      0|  0| 1218|         624|         892|
    +--------------------------+----------+-------+---+-----+------------+------------+

    * Multiplexer: 
    +----------------+----+-----------+-----+-----------+
    |      Name      | LUT| Input Size| Bits| Total Bits|
    +----------------+----+-----------+-----+-----------+
    |ap_NS_fsm       |   6|         15|    1|         15|
    |i_0_reg_195     |   3|          2|    5|         10|
    |j_0_reg_207     |   3|          2|    5|         10|
    |k_0_reg_218     |   3|          2|    3|          6|
    |mm_0_reg_183    |   3|          2|    5|         10|
    |out_V_blk_n_AW  |   3|          2|    1|          2|
    |out_V_blk_n_B   |   3|          2|    1|          2|
    |out_V_blk_n_W   |   3|          2|    1|          2|
    +----------------+----+-----------+-----+-----------+
    |Total           |  27|         29|   22|         57|
    +----------------+----+-----------+-----+-----------+

    * Register: 
    +---------------------+----+----+-----+-----------+
    |         Name        | FF | LUT| Bits| Const Bits|
    +---------------------+----+----+-----+-----------+
    |add_ln180_reg_759    |  34|   0|   34|          0|
    |add_ln62_2_reg_801   |  15|   0|   15|          0|
    |add_ln64_3_reg_749   |  33|   0|   33|          0|
    |ap_CS_fsm            |  14|   0|   14|          0|
    |i_0_reg_195          |   5|   0|    5|          0|
    |i_reg_744            |   5|   0|    5|          0|
    |icmp_ln414_reg_816   |   1|   0|    1|          0|
    |j_0_reg_207          |   5|   0|    5|          0|
    |j_reg_778            |   5|   0|    5|          0|
    |k_0_reg_218          |   3|   0|    3|          0|
    |k_reg_791            |   3|   0|    3|          0|
    |mm_0_reg_183         |   5|   0|    5|          0|
    |or_ln62_reg_811      |   2|   0|    6|          4|
    |p_Val2_s_fu_126      |  64|   0|   64|          0|
    |shl_ln414_reg_829    |  64|   0|   64|          0|
    |trunc_ln62_reg_796   |   2|   0|    2|          0|
    |zext_ln414_reg_823   |   2|   0|    7|          5|
    |zext_ln56_reg_728    |  29|   0|   34|          5|
    |zext_ln57_reg_736    |  20|   0|   33|         13|
    |zext_ln60_reg_783    |   5|   0|   15|         10|
    |zext_ln64_1_reg_723  |  16|   0|   33|         17|
    |zext_ln64_4_reg_764  |   5|   0|   12|          7|
    |zext_ln64_reg_718    |  16|   0|   17|          1|
    +---------------------+----+----+-----+-----------+
    |Total                | 353|   0|  415|         62|
    +---------------------+----+----+-----+-----------+



================================================================
== Interface
================================================================
* Summary: 
+------------------------+-----+-----+------------+---------------+--------------+
|        RTL Ports       | Dir | Bits|  Protocol  | Source Object |    C Type    |
+------------------------+-----+-----+------------+---------------+--------------+
|ap_clk                  |  in |    1| ap_ctrl_hs |  store_output | return value |
|ap_rst                  |  in |    1| ap_ctrl_hs |  store_output | return value |
|ap_start                |  in |    1| ap_ctrl_hs |  store_output | return value |
|ap_done                 | out |    1| ap_ctrl_hs |  store_output | return value |
|ap_idle                 | out |    1| ap_ctrl_hs |  store_output | return value |
|ap_ready                | out |    1| ap_ctrl_hs |  store_output | return value |
|m_axi_out_V_AWVALID     | out |    1|    m_axi   |     out_V     |    pointer   |
|m_axi_out_V_AWREADY     |  in |    1|    m_axi   |     out_V     |    pointer   |
|m_axi_out_V_AWADDR      | out |   32|    m_axi   |     out_V     |    pointer   |
|m_axi_out_V_AWID        | out |    1|    m_axi   |     out_V     |    pointer   |
|m_axi_out_V_AWLEN       | out |   32|    m_axi   |     out_V     |    pointer   |
|m_axi_out_V_AWSIZE      | out |    3|    m_axi   |     out_V     |    pointer   |
|m_axi_out_V_AWBURST     | out |    2|    m_axi   |     out_V     |    pointer   |
|m_axi_out_V_AWLOCK      | out |    2|    m_axi   |     out_V     |    pointer   |
|m_axi_out_V_AWCACHE     | out |    4|    m_axi   |     out_V     |    pointer   |
|m_axi_out_V_AWPROT      | out |    3|    m_axi   |     out_V     |    pointer   |
|m_axi_out_V_AWQOS       | out |    4|    m_axi   |     out_V     |    pointer   |
|m_axi_out_V_AWREGION    | out |    4|    m_axi   |     out_V     |    pointer   |
|m_axi_out_V_AWUSER      | out |    1|    m_axi   |     out_V     |    pointer   |
|m_axi_out_V_WVALID      | out |    1|    m_axi   |     out_V     |    pointer   |
|m_axi_out_V_WREADY      |  in |    1|    m_axi   |     out_V     |    pointer   |
|m_axi_out_V_WDATA       | out |   64|    m_axi   |     out_V     |    pointer   |
|m_axi_out_V_WSTRB       | out |    8|    m_axi   |     out_V     |    pointer   |
|m_axi_out_V_WLAST       | out |    1|    m_axi   |     out_V     |    pointer   |
|m_axi_out_V_WID         | out |    1|    m_axi   |     out_V     |    pointer   |
|m_axi_out_V_WUSER       | out |    1|    m_axi   |     out_V     |    pointer   |
|m_axi_out_V_ARVALID     | out |    1|    m_axi   |     out_V     |    pointer   |
|m_axi_out_V_ARREADY     |  in |    1|    m_axi   |     out_V     |    pointer   |
|m_axi_out_V_ARADDR      | out |   32|    m_axi   |     out_V     |    pointer   |
|m_axi_out_V_ARID        | out |    1|    m_axi   |     out_V     |    pointer   |
|m_axi_out_V_ARLEN       | out |   32|    m_axi   |     out_V     |    pointer   |
|m_axi_out_V_ARSIZE      | out |    3|    m_axi   |     out_V     |    pointer   |
|m_axi_out_V_ARBURST     | out |    2|    m_axi   |     out_V     |    pointer   |
|m_axi_out_V_ARLOCK      | out |    2|    m_axi   |     out_V     |    pointer   |
|m_axi_out_V_ARCACHE     | out |    4|    m_axi   |     out_V     |    pointer   |
|m_axi_out_V_ARPROT      | out |    3|    m_axi   |     out_V     |    pointer   |
|m_axi_out_V_ARQOS       | out |    4|    m_axi   |     out_V     |    pointer   |
|m_axi_out_V_ARREGION    | out |    4|    m_axi   |     out_V     |    pointer   |
|m_axi_out_V_ARUSER      | out |    1|    m_axi   |     out_V     |    pointer   |
|m_axi_out_V_RVALID      |  in |    1|    m_axi   |     out_V     |    pointer   |
|m_axi_out_V_RREADY      | out |    1|    m_axi   |     out_V     |    pointer   |
|m_axi_out_V_RDATA       |  in |   64|    m_axi   |     out_V     |    pointer   |
|m_axi_out_V_RLAST       |  in |    1|    m_axi   |     out_V     |    pointer   |
|m_axi_out_V_RID         |  in |    1|    m_axi   |     out_V     |    pointer   |
|m_axi_out_V_RUSER       |  in |    1|    m_axi   |     out_V     |    pointer   |
|m_axi_out_V_RRESP       |  in |    2|    m_axi   |     out_V     |    pointer   |
|m_axi_out_V_BVALID      |  in |    1|    m_axi   |     out_V     |    pointer   |
|m_axi_out_V_BREADY      | out |    1|    m_axi   |     out_V     |    pointer   |
|m_axi_out_V_BRESP       |  in |    2|    m_axi   |     out_V     |    pointer   |
|m_axi_out_V_BID         |  in |    1|    m_axi   |     out_V     |    pointer   |
|m_axi_out_V_BUSER       |  in |    1|    m_axi   |     out_V     |    pointer   |
|out_V_offset            |  in |   29|   ap_none  |  out_V_offset |    scalar    |
|fm_out_buff_V_address0  | out |   14|  ap_memory | fm_out_buff_V |     array    |
|fm_out_buff_V_ce0       | out |    1|  ap_memory | fm_out_buff_V |     array    |
|fm_out_buff_V_q0        |  in |   16|  ap_memory | fm_out_buff_V |     array    |
|m                       |  in |    7|   ap_none  |       m       |    scalar    |
|fm_row                  |  in |   16|   ap_none  |     fm_row    |    scalar    |
|fm_col                  |  in |   16|   ap_none  |     fm_col    |    scalar    |
+------------------------+-----+-----+------------+---------------+--------------+

