==============================================================
Vivado(TM) HLS - High-Level Synthesis from C, C++ and SystemC v2019.2 (64-bit)
Copyright 1986-2019 Xilinx, Inc. All Rights Reserved.
==============================================================
INFO: [SYN 201-201] Setting up clock 'default' with a period of 10ns.
INFO: [HLS 200-10] Setting target device to 'xc7z020-clg400-2'
INFO: [SIM 211-2] *************** CSIM start ***************
INFO: [SIM 211-4] CSIM will launch GCC as the compiler.
ERROR: [SIM 211-100] CSim failed with errors.
INFO: [SIM 211-3] *************** CSIM finish ***************
==============================================================
Vivado(TM) HLS - High-Level Synthesis from C, C++ and SystemC v2019.2 (64-bit)
Copyright 1986-2019 Xilinx, Inc. All Rights Reserved.
==============================================================
INFO: [SYN 201-201] Setting up clock 'default' with a period of 10ns.
INFO: [HLS 200-10] Setting target device to 'xc7z020-clg400-2'
INFO: [SIM 211-2] *************** CSIM start ***************
INFO: [SIM 211-4] CSIM will launch GCC as the compiler.
ERROR: [SIM 211-100] CSim failed with errors.
INFO: [SIM 211-3] *************** CSIM finish ***************
==============================================================
Vivado(TM) HLS - High-Level Synthesis from C, C++ and SystemC v2019.2 (64-bit)
Copyright 1986-2019 Xilinx, Inc. All Rights Reserved.
==============================================================
INFO: [SYN 201-201] Setting up clock 'default' with a period of 10ns.
INFO: [HLS 200-10] Setting target device to 'xc7z020-clg400-2'
INFO: [SIM 211-2] *************** CSIM start ***************
INFO: [SIM 211-4] CSIM will launch GCC as the compiler.
INFO: [SIM 211-1] CSim done with 0 errors.
INFO: [SIM 211-3] *************** CSIM finish ***************
==============================================================
Vivado(TM) HLS - High-Level Synthesis from C, C++ and SystemC v2019.2 (64-bit)
Copyright 1986-2019 Xilinx, Inc. All Rights Reserved.
==============================================================
INFO: [SYN 201-201] Setting up clock 'default' with a period of 10ns.
INFO: [HLS 200-10] Setting target device to 'xc7z020-clg400-2'
INFO: [SIM 211-2] *************** CSIM start ***************
INFO: [SIM 211-4] CSIM will launch GCC as the compiler.
ERROR: [SIM 211-100] CSim failed with errors.
INFO: [SIM 211-3] *************** CSIM finish ***************
==============================================================
Vivado(TM) HLS - High-Level Synthesis from C, C++ and SystemC v2019.2 (64-bit)
Copyright 1986-2019 Xilinx, Inc. All Rights Reserved.
==============================================================
INFO: [SYN 201-201] Setting up clock 'default' with a period of 10ns.
INFO: [HLS 200-10] Setting target device to 'xc7z020-clg400-2'
INFO: [SIM 211-2] *************** CSIM start ***************
INFO: [SIM 211-4] CSIM will launch GCC as the compiler.
ERROR: [SIM 211-100] CSim failed with errors.
INFO: [SIM 211-3] *************** CSIM finish ***************
==============================================================
Vivado(TM) HLS - High-Level Synthesis from C, C++ and SystemC v2019.2 (64-bit)
Copyright 1986-2019 Xilinx, Inc. All Rights Reserved.
==============================================================
INFO: [SYN 201-201] Setting up clock 'default' with a period of 10ns.
INFO: [HLS 200-10] Setting target device to 'xc7z020-clg400-2'
INFO: [SIM 211-2] *************** CSIM start ***************
INFO: [SIM 211-4] CSIM will launch GCC as the compiler.
ERROR: [SIM 211-100] CSim failed with errors.
INFO: [SIM 211-3] *************** CSIM finish ***************
==============================================================
Vivado(TM) HLS - High-Level Synthesis from C, C++ and SystemC v2019.2 (64-bit)
Copyright 1986-2019 Xilinx, Inc. All Rights Reserved.
==============================================================
INFO: [SYN 201-201] Setting up clock 'default' with a period of 10ns.
INFO: [HLS 200-10] Setting target device to 'xc7z020-clg400-2'
INFO: [SIM 211-2] *************** CSIM start ***************
INFO: [SIM 211-4] CSIM will launch GCC as the compiler.
ERROR: [SIM 211-100] CSim failed with errors.
INFO: [SIM 211-3] *************** CSIM finish ***************
==============================================================
Vivado(TM) HLS - High-Level Synthesis from C, C++ and SystemC v2019.2 (64-bit)
Copyright 1986-2019 Xilinx, Inc. All Rights Reserved.
==============================================================
INFO: [SYN 201-201] Setting up clock 'default' with a period of 10ns.
INFO: [HLS 200-10] Setting target device to 'xc7z020-clg400-2'
INFO: [SIM 211-2] *************** CSIM start ***************
INFO: [SIM 211-4] CSIM will launch GCC as the compiler.
ERROR: [SIM 211-100] CSim failed with errors.
INFO: [SIM 211-3] *************** CSIM finish ***************
==============================================================
Vivado(TM) HLS - High-Level Synthesis from C, C++ and SystemC v2019.2 (64-bit)
Copyright 1986-2019 Xilinx, Inc. All Rights Reserved.
==============================================================
INFO: [SYN 201-201] Setting up clock 'default' with a period of 10ns.
INFO: [HLS 200-10] Setting target device to 'xc7z020-clg400-2'
INFO: [SIM 211-2] *************** CSIM start ***************
INFO: [SIM 211-4] CSIM will launch GCC as the compiler.
ERROR: [SIM 211-100] CSim failed with errors.
INFO: [SIM 211-3] *************** CSIM finish ***************
==============================================================
Vivado(TM) HLS - High-Level Synthesis from C, C++ and SystemC v2019.2 (64-bit)
Copyright 1986-2019 Xilinx, Inc. All Rights Reserved.
==============================================================
INFO: [SYN 201-201] Setting up clock 'default' with a period of 10ns.
INFO: [HLS 200-10] Setting target device to 'xc7z020-clg400-2'
INFO: [SIM 211-2] *************** CSIM start ***************
INFO: [SIM 211-4] CSIM will launch GCC as the compiler.
ERROR: [SIM 211-100] CSim failed with errors.
INFO: [SIM 211-3] *************** CSIM finish ***************
==============================================================
Vivado(TM) HLS - High-Level Synthesis from C, C++ and SystemC v2019.2 (64-bit)
Copyright 1986-2019 Xilinx, Inc. All Rights Reserved.
==============================================================
INFO: [SYN 201-201] Setting up clock 'default' with a period of 10ns.
INFO: [HLS 200-10] Setting target device to 'xc7z020-clg400-2'
INFO: [SIM 211-2] *************** CSIM start ***************
INFO: [SIM 211-4] CSIM will launch GCC as the compiler.
ERROR: [SIM 211-100] 'csim_design' failed: compilation error(s).
INFO: [SIM 211-3] *************** CSIM finish ***************
==============================================================
Vivado(TM) HLS - High-Level Synthesis from C, C++ and SystemC v2019.2 (64-bit)
Copyright 1986-2019 Xilinx, Inc. All Rights Reserved.
==============================================================
INFO: [SYN 201-201] Setting up clock 'default' with a period of 10ns.
INFO: [HLS 200-10] Setting target device to 'xc7z020-clg400-2'
INFO: [SIM 211-2] *************** CSIM start ***************
INFO: [SIM 211-4] CSIM will launch GCC as the compiler.
ERROR: [SIM 211-100] 'csim_design' failed: compilation error(s).
INFO: [SIM 211-3] *************** CSIM finish ***************
==============================================================
Vivado(TM) HLS - High-Level Synthesis from C, C++ and SystemC v2019.2 (64-bit)
Copyright 1986-2019 Xilinx, Inc. All Rights Reserved.
==============================================================
INFO: [SYN 201-201] Setting up clock 'default' with a period of 10ns.
INFO: [HLS 200-10] Setting target device to 'xc7z020-clg400-2'
INFO: [SIM 211-2] *************** CSIM start ***************
INFO: [SIM 211-4] CSIM will launch GCC as the compiler.
INFO: [SIM 211-1] CSim done with 0 errors.
INFO: [SIM 211-3] *************** CSIM finish ***************
==============================================================
Vivado(TM) HLS - High-Level Synthesis from C, C++ and SystemC v2019.2 (64-bit)
Copyright 1986-2019 Xilinx, Inc. All Rights Reserved.
==============================================================
INFO: [SYN 201-201] Setting up clock 'default' with a period of 10ns.
INFO: [HLS 200-10] Setting target device to 'xc7z020-clg400-2'
INFO: [SIM 211-2] *************** CSIM start ***************
INFO: [SIM 211-4] CSIM will launch GCC as the compiler.
INFO: [SIM 211-1] CSim done with 0 errors.
INFO: [SIM 211-3] *************** CSIM finish ***************
==============================================================
Vivado(TM) HLS - High-Level Synthesis from C, C++ and SystemC v2019.2 (64-bit)
Copyright 1986-2019 Xilinx, Inc. All Rights Reserved.
==============================================================
INFO: [SYN 201-201] Setting up clock 'default' with a period of 10ns.
INFO: [HLS 200-10] Setting target device to 'xc7z020-clg400-2'
INFO: [SIM 211-2] *************** CSIM start ***************
INFO: [SIM 211-4] CSIM will launch GCC as the compiler.
INFO: [SIM 211-1] CSim done with 0 errors.
INFO: [SIM 211-3] *************** CSIM finish ***************
==============================================================
Vivado(TM) HLS - High-Level Synthesis from C, C++ and SystemC v2019.2 (64-bit)
Copyright 1986-2019 Xilinx, Inc. All Rights Reserved.
==============================================================
INFO: [SYN 201-201] Setting up clock 'default' with a period of 10ns.
INFO: [HLS 200-10] Setting target device to 'xc7z020-clg400-2'
INFO: [SIM 211-2] *************** CSIM start ***************
INFO: [SIM 211-4] CSIM will launch GCC as the compiler.
INFO: [SIM 211-1] CSim done with 0 errors.
INFO: [SIM 211-3] *************** CSIM finish ***************
==============================================================
Vivado(TM) HLS - High-Level Synthesis from C, C++ and SystemC v2019.2 (64-bit)
Copyright 1986-2019 Xilinx, Inc. All Rights Reserved.
==============================================================
INFO: [SYN 201-201] Setting up clock 'default' with a period of 10ns.
INFO: [HLS 200-10] Setting target device to 'xc7z020-clg400-2'
INFO: [SIM 211-2] *************** CSIM start ***************
INFO: [SIM 211-4] CSIM will launch GCC as the compiler.
INFO: [SIM 211-1] CSim done with 0 errors.
INFO: [SIM 211-3] *************** CSIM finish ***************
==============================================================
Vivado(TM) HLS - High-Level Synthesis from C, C++ and SystemC v2019.2 (64-bit)
Copyright 1986-2019 Xilinx, Inc. All Rights Reserved.
==============================================================
INFO: [SYN 201-201] Setting up clock 'default' with a period of 10ns.
INFO: [HLS 200-10] Setting target device to 'xc7z020-clg400-2'
INFO: [SIM 211-2] *************** CSIM start ***************
INFO: [SIM 211-4] CSIM will launch GCC as the compiler.
INFO: [SIM 211-1] CSim done with 0 errors.
INFO: [SIM 211-3] *************** CSIM finish ***************
==============================================================
Vivado(TM) HLS - High-Level Synthesis from C, C++ and SystemC v2019.2 (64-bit)
Copyright 1986-2019 Xilinx, Inc. All Rights Reserved.
==============================================================
INFO: [SYN 201-201] Setting up clock 'default' with a period of 10ns.
INFO: [HLS 200-10] Setting target device to 'xc7z020-clg400-2'
INFO: [SIM 211-2] *************** CSIM start ***************
INFO: [SIM 211-4] CSIM will launch GCC as the compiler.
INFO: [SIM 211-1] CSim done with 0 errors.
INFO: [SIM 211-3] *************** CSIM finish ***************
==============================================================
Vivado(TM) HLS - High-Level Synthesis from C, C++ and SystemC v2019.2 (64-bit)
Copyright 1986-2019 Xilinx, Inc. All Rights Reserved.
==============================================================
INFO: [SYN 201-201] Setting up clock 'default' with a period of 10ns.
INFO: [HLS 200-10] Setting target device to 'xc7z020-clg400-2'
INFO: [SIM 211-2] *************** CSIM start ***************
INFO: [SIM 211-4] CSIM will launch GCC as the compiler.
INFO: [SIM 211-1] CSim done with 0 errors.
INFO: [SIM 211-3] *************** CSIM finish ***************
==============================================================
Vivado(TM) HLS - High-Level Synthesis from C, C++ and SystemC v2019.2 (64-bit)
Copyright 1986-2019 Xilinx, Inc. All Rights Reserved.
==============================================================
INFO: [SYN 201-201] Setting up clock 'default' with a period of 10ns.
INFO: [HLS 200-10] Setting target device to 'xc7z020-clg400-2'
INFO: [SIM 211-2] *************** CSIM start ***************
INFO: [SIM 211-4] CSIM will launch GCC as the compiler.
INFO: [SIM 211-1] CSim done with 0 errors.
INFO: [SIM 211-3] *************** CSIM finish ***************
==============================================================
Vivado(TM) HLS - High-Level Synthesis from C, C++ and SystemC v2019.2 (64-bit)
Copyright 1986-2019 Xilinx, Inc. All Rights Reserved.
==============================================================
INFO: [SYN 201-201] Setting up clock 'default' with a period of 10ns.
INFO: [HLS 200-10] Setting target device to 'xc7z020-clg400-2'
INFO: [SIM 211-2] *************** CSIM start ***************
INFO: [SIM 211-4] CSIM will launch GCC as the compiler.
INFO: [SIM 211-1] CSim done with 0 errors.
INFO: [SIM 211-3] *************** CSIM finish ***************
==============================================================
Vivado(TM) HLS - High-Level Synthesis from C, C++ and SystemC v2019.2 (64-bit)
Copyright 1986-2019 Xilinx, Inc. All Rights Reserved.
==============================================================
INFO: [SYN 201-201] Setting up clock 'default' with a period of 10ns.
INFO: [HLS 200-10] Setting target device to 'xc7z020-clg400-2'
INFO: [SIM 211-2] *************** CSIM start ***************
INFO: [SIM 211-4] CSIM will launch GCC as the compiler.
INFO: [SIM 211-1] CSim done with 0 errors.
INFO: [SIM 211-3] *************** CSIM finish ***************
==============================================================
Vivado(TM) HLS - High-Level Synthesis from C, C++ and SystemC v2019.2 (64-bit)
Copyright 1986-2019 Xilinx, Inc. All Rights Reserved.
==============================================================
INFO: [SYN 201-201] Setting up clock 'default' with a period of 10ns.
INFO: [HLS 200-10] Setting target device to 'xc7z020-clg400-2'
INFO: [SIM 211-2] *************** CSIM start ***************
INFO: [SIM 211-4] CSIM will launch GCC as the compiler.
ERROR: [SIM 211-100] 'csim_design' failed: compilation error(s).
INFO: [SIM 211-3] *************** CSIM finish ***************
==============================================================
Vivado(TM) HLS - High-Level Synthesis from C, C++ and SystemC v2019.2 (64-bit)
Copyright 1986-2019 Xilinx, Inc. All Rights Reserved.
==============================================================
INFO: [SYN 201-201] Setting up clock 'default' with a period of 10ns.
INFO: [HLS 200-10] Setting target device to 'xc7z020-clg400-2'
INFO: [SIM 211-2] *************** CSIM start ***************
INFO: [SIM 211-4] CSIM will launch GCC as the compiler.
INFO: [SIM 211-1] CSim done with 0 errors.
INFO: [SIM 211-3] *************** CSIM finish ***************
==============================================================
Vivado(TM) HLS - High-Level Synthesis from C, C++ and SystemC v2019.2 (64-bit)
Copyright 1986-2019 Xilinx, Inc. All Rights Reserved.
==============================================================
INFO: [SYN 201-201] Setting up clock 'default' with a period of 10ns.
INFO: [HLS 200-10] Setting target device to 'xc7z020-clg400-2'
INFO: [SIM 211-2] *************** CSIM start ***************
INFO: [SIM 211-4] CSIM will launch GCC as the compiler.
ERROR: [SIM 211-100] 'csim_design' failed: compilation error(s).
INFO: [SIM 211-3] *************** CSIM finish ***************
==============================================================
Vivado(TM) HLS - High-Level Synthesis from C, C++ and SystemC v2019.2 (64-bit)
Copyright 1986-2019 Xilinx, Inc. All Rights Reserved.
==============================================================
INFO: [SYN 201-201] Setting up clock 'default' with a period of 10ns.
INFO: [HLS 200-10] Setting target device to 'xc7z020-clg400-2'
INFO: [SIM 211-2] *************** CSIM start ***************
INFO: [SIM 211-4] CSIM will launch GCC as the compiler.
INFO: [SIM 211-1] CSim done with 0 errors.
INFO: [SIM 211-3] *************** CSIM finish ***************
==============================================================
Vivado(TM) HLS - High-Level Synthesis from C, C++ and SystemC v2019.2 (64-bit)
Copyright 1986-2019 Xilinx, Inc. All Rights Reserved.
==============================================================
INFO: [SYN 201-201] Setting up clock 'default' with a period of 10ns.
INFO: [HLS 200-10] Setting target device to 'xc7z020-clg400-2'
INFO: [SIM 211-2] *************** CSIM start ***************
INFO: [SIM 211-4] CSIM will launch GCC as the compiler.
INFO: [SIM 211-1] CSim done with 0 errors.
INFO: [SIM 211-3] *************** CSIM finish ***************
==============================================================
Vivado(TM) HLS - High-Level Synthesis from C, C++ and SystemC v2019.2 (64-bit)
Copyright 1986-2019 Xilinx, Inc. All Rights Reserved.
==============================================================
INFO: [SYN 201-201] Setting up clock 'default' with a period of 10ns.
INFO: [HLS 200-10] Setting target device to 'xc7z020-clg400-2'
INFO: [SIM 211-2] *************** CSIM start ***************
INFO: [SIM 211-4] CSIM will launch GCC as the compiler.
INFO: [SIM 211-1] CSim done with 0 errors.
INFO: [SIM 211-3] *************** CSIM finish ***************
==============================================================
Vivado(TM) HLS - High-Level Synthesis from C, C++ and SystemC v2019.2 (64-bit)
Copyright 1986-2019 Xilinx, Inc. All Rights Reserved.
==============================================================
INFO: [SYN 201-201] Setting up clock 'default' with a period of 10ns.
INFO: [HLS 200-10] Setting target device to 'xc7z020-clg400-2'
INFO: [SIM 211-2] *************** CSIM start ***************
INFO: [SIM 211-4] CSIM will launch GCC as the compiler.
INFO: [SIM 211-1] CSim done with 0 errors.
INFO: [SIM 211-3] *************** CSIM finish ***************
==============================================================
Vivado(TM) HLS - High-Level Synthesis from C, C++ and SystemC v2019.2 (64-bit)
Copyright 1986-2019 Xilinx, Inc. All Rights Reserved.
==============================================================
INFO: [SYN 201-201] Setting up clock 'default' with a period of 10ns.
INFO: [HLS 200-10] Setting target device to 'xc7z020-clg400-2'
INFO: [SIM 211-2] *************** CSIM start ***************
INFO: [SIM 211-4] CSIM will launch GCC as the compiler.
INFO: [SIM 211-1] CSim done with 0 errors.
INFO: [SIM 211-3] *************** CSIM finish ***************
==============================================================
Vivado(TM) HLS - High-Level Synthesis from C, C++ and SystemC v2019.2 (64-bit)
Copyright 1986-2019 Xilinx, Inc. All Rights Reserved.
==============================================================
INFO: [SYN 201-201] Setting up clock 'default' with a period of 10ns.
INFO: [HLS 200-10] Setting target device to 'xc7z020-clg400-2'
INFO: [SIM 211-2] *************** CSIM start ***************
INFO: [SIM 211-4] CSIM will launch GCC as the compiler.
INFO: [SIM 211-1] CSim done with 0 errors.
INFO: [SIM 211-3] *************** CSIM finish ***************
==============================================================
Vivado(TM) HLS - High-Level Synthesis from C, C++ and SystemC v2019.2 (64-bit)
Copyright 1986-2019 Xilinx, Inc. All Rights Reserved.
==============================================================
INFO: [SYN 201-201] Setting up clock 'default' with a period of 10ns.
INFO: [HLS 200-10] Setting target device to 'xc7z020-clg400-2'
INFO: [SIM 211-2] *************** CSIM start ***************
INFO: [SIM 211-4] CSIM will launch GCC as the compiler.
INFO: [SIM 211-1] CSim done with 0 errors.
INFO: [SIM 211-3] *************** CSIM finish ***************
==============================================================
Vivado(TM) HLS - High-Level Synthesis from C, C++ and SystemC v2019.2 (64-bit)
Copyright 1986-2019 Xilinx, Inc. All Rights Reserved.
==============================================================
INFO: [SYN 201-201] Setting up clock 'default' with a period of 10ns.
INFO: [HLS 200-10] Setting target device to 'xc7z020-clg400-2'
INFO: [SIM 211-2] *************** CSIM start ***************
INFO: [SIM 211-4] CSIM will launch GCC as the compiler.
INFO: [SIM 211-1] CSim done with 0 errors.
INFO: [SIM 211-3] *************** CSIM finish ***************
==============================================================
Vivado(TM) HLS - High-Level Synthesis from C, C++ and SystemC v2019.2 (64-bit)
Copyright 1986-2019 Xilinx, Inc. All Rights Reserved.
==============================================================
INFO: [SYN 201-201] Setting up clock 'default' with a period of 10ns.
INFO: [HLS 200-10] Setting target device to 'xc7z020-clg400-2'
INFO: [SIM 211-2] *************** CSIM start ***************
INFO: [SIM 211-4] CSIM will launch GCC as the compiler.
INFO: [SIM 211-1] CSim done with 0 errors.
INFO: [SIM 211-3] *************** CSIM finish ***************
==============================================================
Vivado(TM) HLS - High-Level Synthesis from C, C++ and SystemC v2019.2 (64-bit)
Copyright 1986-2019 Xilinx, Inc. All Rights Reserved.
==============================================================
INFO: [SYN 201-201] Setting up clock 'default' with a period of 10ns.
INFO: [HLS 200-10] Setting target device to 'xc7z020-clg400-2'
INFO: [SIM 211-2] *************** CSIM start ***************
INFO: [SIM 211-4] CSIM will launch GCC as the compiler.
INFO: [SIM 211-1] CSim done with 0 errors.
INFO: [SIM 211-3] *************** CSIM finish ***************
==============================================================
Vivado(TM) HLS - High-Level Synthesis from C, C++ and SystemC v2019.2 (64-bit)
Copyright 1986-2019 Xilinx, Inc. All Rights Reserved.
==============================================================
==============================================================
Vivado(TM) HLS - High-Level Synthesis from C, C++ and SystemC v2019.2 (64-bit)
Copyright 1986-2019 Xilinx, Inc. All Rights Reserved.
==============================================================
INFO: [SYN 201-201] Setting up clock 'default' with a period of 10ns.
INFO: [HLS 200-10] Setting target device to 'xc7z020-clg400-2'
INFO: [SIM 211-2] *************** CSIM start ***************
INFO: [SIM 211-4] CSIM will launch GCC as the compiler.
INFO: [SIM 211-1] CSim done with 0 errors.
INFO: [SIM 211-3] *************** CSIM finish ***************
==============================================================
Vivado(TM) HLS - High-Level Synthesis from C, C++ and SystemC v2019.2 (64-bit)
Copyright 1986-2019 Xilinx, Inc. All Rights Reserved.
==============================================================
INFO: [SYN 201-201] Setting up clock 'default' with a period of 10ns.
INFO: [HLS 200-10] Setting target device to 'xc7z020-clg400-2'
INFO: [SIM 211-2] *************** CSIM start ***************
INFO: [SIM 211-4] CSIM will launch GCC as the compiler.
INFO: [SIM 211-1] CSim done with 0 errors.
INFO: [SIM 211-3] *************** CSIM finish ***************
==============================================================
Vivado(TM) HLS - High-Level Synthesis from C, C++ and SystemC v2019.2 (64-bit)
Copyright 1986-2019 Xilinx, Inc. All Rights Reserved.
==============================================================
INFO: [SYN 201-201] Setting up clock 'default' with a period of 10ns.
INFO: [HLS 200-10] Setting target device to 'xc7z020-clg400-2'
INFO: [SIM 211-2] *************** CSIM start ***************
INFO: [SIM 211-4] CSIM will launch GCC as the compiler.
INFO: [SIM 211-1] CSim done with 0 errors.
INFO: [SIM 211-3] *************** CSIM finish ***************
==============================================================
Vivado(TM) HLS - High-Level Synthesis from C, C++ and SystemC v2019.2 (64-bit)
Copyright 1986-2019 Xilinx, Inc. All Rights Reserved.
==============================================================
INFO: [SYN 201-201] Setting up clock 'default' with a period of 10ns.
INFO: [HLS 200-10] Setting target device to 'xc7z020-clg400-2'
INFO: [SIM 211-2] *************** CSIM start ***************
INFO: [SIM 211-4] CSIM will launch GCC as the compiler.
ERROR: [SIM 211-100] 'csim_design' failed: compilation error(s).
INFO: [SIM 211-3] *************** CSIM finish ***************
==============================================================
Vivado(TM) HLS - High-Level Synthesis from C, C++ and SystemC v2019.2 (64-bit)
Copyright 1986-2019 Xilinx, Inc. All Rights Reserved.
==============================================================
INFO: [SYN 201-201] Setting up clock 'default' with a period of 10ns.
INFO: [HLS 200-10] Setting target device to 'xc7z020-clg400-2'
INFO: [SIM 211-2] *************** CSIM start ***************
INFO: [SIM 211-4] CSIM will launch GCC as the compiler.
INFO: [SIM 211-1] CSim done with 0 errors.
INFO: [SIM 211-3] *************** CSIM finish ***************
==============================================================
Vivado(TM) HLS - High-Level Synthesis from C, C++ and SystemC v2019.2 (64-bit)
Copyright 1986-2019 Xilinx, Inc. All Rights Reserved.
==============================================================
INFO: [SYN 201-201] Setting up clock 'default' with a period of 10ns.
INFO: [HLS 200-10] Setting target device to 'xc7z020-clg400-2'
INFO: [SIM 211-2] *************** CSIM start ***************
INFO: [SIM 211-4] CSIM will launch GCC as the compiler.
INFO: [SIM 211-1] CSim done with 0 errors.
INFO: [SIM 211-3] *************** CSIM finish ***************
==============================================================
Vivado(TM) HLS - High-Level Synthesis from C, C++ and SystemC v2019.2 (64-bit)
Copyright 1986-2019 Xilinx, Inc. All Rights Reserved.
==============================================================
INFO: [SYN 201-201] Setting up clock 'default' with a period of 10ns.
INFO: [HLS 200-10] Setting target device to 'xc7z020-clg400-2'
INFO: [SIM 211-2] *************** CSIM start ***************
INFO: [SIM 211-4] CSIM will launch GCC as the compiler.
INFO: [SIM 211-1] CSim done with 0 errors.
INFO: [SIM 211-3] *************** CSIM finish ***************
==============================================================
Vivado(TM) HLS - High-Level Synthesis from C, C++ and SystemC v2019.2 (64-bit)
Copyright 1986-2019 Xilinx, Inc. All Rights Reserved.
==============================================================
INFO: [SYN 201-201] Setting up clock 'default' with a period of 10ns.
INFO: [HLS 200-10] Setting target device to 'xc7z020-clg400-2'
INFO: [SIM 211-2] *************** CSIM start ***************
INFO: [SIM 211-4] CSIM will launch GCC as the compiler.
INFO: [SIM 211-1] CSim done with 0 errors.
INFO: [SIM 211-3] *************** CSIM finish ***************
==============================================================
Vivado(TM) HLS - High-Level Synthesis from C, C++ and SystemC v2019.2 (64-bit)
Copyright 1986-2019 Xilinx, Inc. All Rights Reserved.
==============================================================
INFO: [SYN 201-201] Setting up clock 'default' with a period of 10ns.
INFO: [HLS 200-10] Setting target device to 'xc7z020-clg400-2'
INFO: [SIM 211-2] *************** CSIM start ***************
INFO: [SIM 211-4] CSIM will launch GCC as the compiler.
ERROR: [SIM 211-100] 'csim_design' failed: compilation error(s).
INFO: [SIM 211-3] *************** CSIM finish ***************
==============================================================
Vivado(TM) HLS - High-Level Synthesis from C, C++ and SystemC v2019.2 (64-bit)
Copyright 1986-2019 Xilinx, Inc. All Rights Reserved.
==============================================================
INFO: [SYN 201-201] Setting up clock 'default' with a period of 10ns.
INFO: [HLS 200-10] Setting target device to 'xc7z020-clg400-2'
INFO: [SIM 211-2] *************** CSIM start ***************
INFO: [SIM 211-4] CSIM will launch GCC as the compiler.
INFO: [SIM 211-1] CSim done with 0 errors.
INFO: [SIM 211-3] *************** CSIM finish ***************
==============================================================
Vivado(TM) HLS - High-Level Synthesis from C, C++ and SystemC v2019.2 (64-bit)
Copyright 1986-2019 Xilinx, Inc. All Rights Reserved.
==============================================================
INFO: [SYN 201-201] Setting up clock 'default' with a period of 10ns.
INFO: [HLS 200-10] Setting target device to 'xc7z020-clg400-2'
INFO: [SIM 211-2] *************** CSIM start ***************
INFO: [SIM 211-4] CSIM will launch GCC as the compiler.
INFO: [SIM 211-1] CSim done with 0 errors.
INFO: [SIM 211-3] *************** CSIM finish ***************
==============================================================
Vivado(TM) HLS - High-Level Synthesis from C, C++ and SystemC v2019.2 (64-bit)
Copyright 1986-2019 Xilinx, Inc. All Rights Reserved.
==============================================================
==============================================================
Vivado(TM) HLS - High-Level Synthesis from C, C++ and SystemC v2019.2 (64-bit)
Copyright 1986-2019 Xilinx, Inc. All Rights Reserved.
==============================================================
INFO: [SYN 201-201] Setting up clock 'default' with a period of 10ns.
INFO: [HLS 200-10] Setting target device to 'xc7z020-clg400-2'
INFO: [SIM 211-2] *************** CSIM start ***************
INFO: [SIM 211-4] CSIM will launch GCC as the compiler.
ERROR: [SIM 211-100] 'csim_design' failed: compilation error(s).
INFO: [SIM 211-3] *************** CSIM finish ***************
==============================================================
Vivado(TM) HLS - High-Level Synthesis from C, C++ and SystemC v2019.2 (64-bit)
Copyright 1986-2019 Xilinx, Inc. All Rights Reserved.
==============================================================
INFO: [SYN 201-201] Setting up clock 'default' with a period of 10ns.
INFO: [HLS 200-10] Setting target device to 'xc7z020-clg400-2'
INFO: [SIM 211-2] *************** CSIM start ***************
INFO: [SIM 211-4] CSIM will launch GCC as the compiler.
INFO: [SIM 211-1] CSim done with 0 errors.
INFO: [SIM 211-3] *************** CSIM finish ***************
==============================================================
Vivado(TM) HLS - High-Level Synthesis from C, C++ and SystemC v2019.2 (64-bit)
Copyright 1986-2019 Xilinx, Inc. All Rights Reserved.
==============================================================
INFO: [SYN 201-201] Setting up clock 'default' with a period of 10ns.
INFO: [HLS 200-10] Setting target device to 'xc7z020-clg400-2'
INFO: [SIM 211-2] *************** CSIM start ***************
INFO: [SIM 211-4] CSIM will launch GCC as the compiler.
INFO: [SIM 211-1] CSim done with 0 errors.
INFO: [SIM 211-3] *************** CSIM finish ***************
==============================================================
Vivado(TM) HLS - High-Level Synthesis from C, C++ and SystemC v2019.2 (64-bit)
Copyright 1986-2019 Xilinx, Inc. All Rights Reserved.
==============================================================
INFO: [SYN 201-201] Setting up clock 'default' with a period of 10ns.
INFO: [HLS 200-10] Setting target device to 'xc7z020-clg400-2'
INFO: [SIM 211-2] *************** CSIM start ***************
INFO: [SIM 211-4] CSIM will launch GCC as the compiler.
INFO: [SIM 211-1] CSim done with 0 errors.
INFO: [SIM 211-3] *************** CSIM finish ***************
==============================================================
Vivado(TM) HLS - High-Level Synthesis from C, C++ and SystemC v2019.2 (64-bit)
Copyright 1986-2019 Xilinx, Inc. All Rights Reserved.
==============================================================
INFO: [SYN 201-201] Setting up clock 'default' with a period of 10ns.
INFO: [HLS 200-10] Setting target device to 'xc7z020-clg400-2'
INFO: [SIM 211-2] *************** CSIM start ***************
INFO: [SIM 211-4] CSIM will launch GCC as the compiler.
INFO: [SIM 211-1] CSim done with 0 errors.
INFO: [SIM 211-3] *************** CSIM finish ***************
==============================================================
Vivado(TM) HLS - High-Level Synthesis from C, C++ and SystemC v2019.2 (64-bit)
Copyright 1986-2019 Xilinx, Inc. All Rights Reserved.
==============================================================
INFO: [SYN 201-201] Setting up clock 'default' with a period of 10ns.
INFO: [HLS 200-10] Setting target device to 'xc7z020-clg400-2'
INFO: [SYN 201-201] Setting up clock 'default' with a period of 10ns.
INFO: [SCHED 204-61] Option 'relax_ii_for_timing' is enabled, will increase II to preserve clock frequency constraints.
INFO: [HLS 200-10] Analyzing design file 'test_conv/src/test.cpp' ... 
INFO: [HLS 200-111] Finished Linking Time (s): cpu = 00:00:02 ; elapsed = 00:00:12 . Memory (MB): peak = 198.406 ; gain = 105.957
INFO: [HLS 200-111] Finished Checking Pragmas Time (s): cpu = 00:00:02 ; elapsed = 00:00:12 . Memory (MB): peak = 198.406 ; gain = 105.957
INFO: [HLS 200-10] Starting code transformations ...
INFO: [HLS 200-111] Finished Standard Transforms Time (s): cpu = 00:00:02 ; elapsed = 00:00:13 . Memory (MB): peak = 198.406 ; gain = 105.957
INFO: [HLS 200-10] Checking synthesizability ...
INFO: [XFORM 203-602] Inlining function 'relu6' into 'store_output' (test_conv/src/test.cpp:62) automatically.
INFO: [XFORM 203-602] Inlining function 'load_weight' into 'compute_output' (test_conv/src/test.cpp:122) automatically.
INFO: [XFORM 203-602] Inlining function 'next_block' into 'conv' (test_conv/src/test.cpp:159) automatically.
WARNING: [SYNCHK 200-23] test_conv/src/test.cpp:62: variable-indexed range selection may cause suboptimal QoR.
ERROR: [SYNCHK 200-61] test_conv/src/test.cpp:64: unsupported memory access on variable 'out.V' which is (or contains) an array with unknown size at compile time.
ERROR: [SYNCHK 200-22] test_conv/src/test.cpp:149: memory copy is not supported unless used on bus interface possible cause(s): non-static/non-constant local array with initialization).
INFO: [SYNCHK 200-10] 2 error(s), 1 warning(s).
ERROR: [HLS 200-70] Synthesizability check failed.
==============================================================
Vivado(TM) HLS - High-Level Synthesis from C, C++ and SystemC v2019.2 (64-bit)
Copyright 1986-2019 Xilinx, Inc. All Rights Reserved.
==============================================================
INFO: [SYN 201-201] Setting up clock 'default' with a period of 10ns.
INFO: [HLS 200-10] Setting target device to 'xc7z020-clg400-2'
INFO: [SCHED 204-61] Option 'relax_ii_for_timing' is enabled, will increase II to preserve clock frequency constraints.
INFO: [HLS 200-10] Analyzing design file 'test_conv/src/test.cpp' ... 
INFO: [HLS 200-111] Finished Linking Time (s): cpu = 00:00:01 ; elapsed = 00:00:12 . Memory (MB): peak = 198.656 ; gain = 106.215
INFO: [HLS 200-111] Finished Checking Pragmas Time (s): cpu = 00:00:01 ; elapsed = 00:00:12 . Memory (MB): peak = 198.656 ; gain = 106.215
INFO: [HLS 200-10] Starting code transformations ...
INFO: [HLS 200-111] Finished Standard Transforms Time (s): cpu = 00:00:01 ; elapsed = 00:00:13 . Memory (MB): peak = 198.656 ; gain = 106.215
INFO: [HLS 200-10] Checking synthesizability ...
INFO: [XFORM 203-602] Inlining function 'relu6' into 'store_output' (test_conv/src/test.cpp:62) automatically.
INFO: [XFORM 203-602] Inlining function 'next_block' into 'conv' (test_conv/src/test.cpp:159) automatically.
WARNING: [SYNCHK 200-23] test_conv/src/test.cpp:62: variable-indexed range selection may cause suboptimal QoR.
INFO: [SYNCHK 200-10] 0 error(s), 1 warning(s).
INFO: [HLS 200-111] Finished Checking Synthesizability Time (s): cpu = 00:00:01 ; elapsed = 00:00:13 . Memory (MB): peak = 198.656 ; gain = 106.215
INFO: [XFORM 203-502] Unrolling all sub-loops inside loop 'Loop-1.1.1.1' (test_conv/src/test.cpp:98) in function 'compute' for pipelining.
INFO: [HLS 200-489] Unrolling loop 'Loop-1.1.1.1.1' (test_conv/src/test.cpp:100) in function 'compute' completely with a factor of 16.
INFO: [HLS 200-489] Unrolling loop 'Loop-1.1.1.1.1.1' (test_conv/src/test.cpp:101) in function 'compute' completely with a factor of 3.
INFO: [XFORM 203-101] Partitioning array 'fm_in_buff1.V' (test_conv/src/test.cpp:138) in dimension 1 completely.
INFO: [XFORM 203-101] Partitioning array 'fm_in_buff2.V' (test_conv/src/test.cpp:139) in dimension 1 completely.
INFO: [XFORM 203-101] Partitioning array 'wt_buff.V' (test_conv/src/test.cpp:142) in dimension 1 completely.
WARNING: [XFORM 203-104] Completely partitioning array 'bias_buff.V' (test_conv/src/test.cpp:145) accessed through non-constant indices on dimension 1 (test_conv/src/test.cpp:149:2), which may result in long runtime and suboptimal QoR due to large multiplexers. Please consider wrapping the array access into a function or using a register file core instead.
INFO: [XFORM 203-101] Partitioning array 'bias_buff.V' (test_conv/src/test.cpp:145) in dimension 1 completely.
INFO: [XFORM 203-101] Partitioning array 'wt_buff.V' (test_conv/src/test.cpp:142) in dimension 2 completely.
INFO: [XFORM 203-602] Inlining function 'relu6' into 'store_output' (test_conv/src/test.cpp:62) automatically.
INFO: [XFORM 203-602] Inlining function 'next_block' into 'conv' (test_conv/src/test.cpp:159) automatically.
INFO: [XFORM 203-401] Performing if-conversion on hyperblock from (test_conv/src/test.cpp:62:6) to (test_conv/src/test.cpp:60:21) in function 'store_output'... converting 3 basic blocks.
INFO: [XFORM 203-401] Performing if-conversion on hyperblock from (test_conv/src/test.cpp:98:27) to (test_conv/src/test.cpp:98:22) in function 'compute'... converting 337 basic blocks.
INFO: [XFORM 203-11] Balancing expressions in function 'store_output' (test_conv/src/test.cpp:53)...3 expression(s) balanced.
INFO: [HLS 200-111] Finished Pre-synthesis Time (s): cpu = 00:00:04 ; elapsed = 00:00:17 . Memory (MB): peak = 216.793 ; gain = 124.352
INFO: [XFORM 203-541] Flattening a loop nest 'Loop-1' (test_conv/src/test.cpp:27:13) in function 'load_input'.
INFO: [XFORM 203-541] Flattening a loop nest 'Loop-1.1.1' (test_conv/src/test.cpp:97:15) in function 'compute'.
INFO: [XFORM 203-541] Flattening a loop nest 'Loop-1.1' (test_conv/src/test.cpp:96:15) in function 'compute'.
INFO: [XFORM 203-541] Flattening a loop nest 'Loop-1' (test_conv/src/test.cpp:95:14) in function 'compute'.
WARNING: [HLS 200-466] Port 'bias.V'() has different latency/depth on the same m_axi bundle:'W'
INFO: [HLS 200-444] Inferring multiple bus burst read of a total cumulative length 64 on port 'W' (test_conv/src/test.cpp:149:2). These data requests might be further partitioned to multiple requests during RTL generation, based on max_read_burst_length or max_write_burst_length settings.
INFO: [HLS 200-444] Inferring multiple bus burst write of a total cumulative length 28 on port 'out.V' (test_conv/src/test.cpp:64:5). These data requests might be further partitioned to multiple requests during RTL generation, based on max_read_burst_length or max_write_burst_length settings.
INFO: [HLS 200-444] Inferring multiple bus burst read of a total cumulative length 2352 on port 'weight.V' (test_conv/src/test.cpp:49:5). These data requests might be further partitioned to multiple requests during RTL generation, based on max_read_burst_length or max_write_burst_length settings.
INFO: [HLS 200-444] Inferring multiple bus burst read of a total cumulative length 61 on port 'in1.V' (test_conv/src/test.cpp:30:55). These data requests might be further partitioned to multiple requests during RTL generation, based on max_read_burst_length or max_write_burst_length settings.
INFO: [HLS 200-444] Inferring multiple bus burst read of a total cumulative length 61 on port 'in2.V' (test_conv/src/test.cpp:31:66). These data requests might be further partitioned to multiple requests during RTL generation, based on max_read_burst_length or max_write_burst_length settings.
INFO: [HLS 200-444] Inferring multiple bus burst read of a total cumulative length 61 on port 'in3.V' (test_conv/src/test.cpp:32:68). These data requests might be further partitioned to multiple requests during RTL generation, based on max_read_burst_length or max_write_burst_length settings.
INFO: [HLS 200-472] Inferring partial write operation for 'fm_out_buff.V' (test_conv/src/test.cpp:107:8)
INFO: [HLS 200-472] Inferring partial write operation for 'wt_buff.V' (test_conv/src/test.cpp:49:5)
INFO: [HLS 200-472] Inferring partial write operation for 'fm_in_buff[0].V' (test_conv/src/test.cpp:34:5)
INFO: [HLS 200-472] Inferring partial write operation for 'fm_in_buff[1].V' (test_conv/src/test.cpp:35:5)
INFO: [HLS 200-472] Inferring partial write operation for 'fm_in_buff[2].V' (test_conv/src/test.cpp:36:5)
INFO: [HLS 200-472] Inferring partial write operation for 'fm_in_buff[0].V' (test_conv/src/test.cpp:39:5)
INFO: [HLS 200-472] Inferring partial write operation for 'fm_in_buff[1].V' (test_conv/src/test.cpp:40:5)
INFO: [HLS 200-472] Inferring partial write operation for 'fm_in_buff[2].V' (test_conv/src/test.cpp:41:5)
INFO: [HLS 200-111] Finished Architecture Synthesis Time (s): cpu = 00:00:09 ; elapsed = 00:00:23 . Memory (MB): peak = 269.859 ; gain = 177.418
INFO: [HLS 200-10] Starting hardware synthesis ...
INFO: [HLS 200-10] Synthesizing 'conv' ...
WARNING: [SYN 201-107] Renaming port name 'conv/OUT' to 'conv/OUT_r' to avoid the conflict with HDL keywords or other object names.
INFO: [HLS 200-10] ----------------------------------------------------------------
INFO: [HLS 200-42] -- Implementing module 'load_input' 
INFO: [HLS 200-10] ----------------------------------------------------------------
INFO: [SCHED 204-11] Starting scheduling ...
INFO: [SCHED 204-61] Pipelining loop 'Loop 1'.
INFO: [SCHED 204-61] Pipelining result : Target II = 1, Final II = 1, Depth = 25.
INFO: [SCHED 204-11] Finished scheduling.
INFO: [HLS 200-111]  Elapsed time: 22.849 seconds; current allocated memory: 210.146 MB.
INFO: [BIND 205-100] Starting micro-architecture generation ...
INFO: [BIND 205-101] Performing variable lifetime analysis.
INFO: [BIND 205-101] Exploring resource sharing.
INFO: [BIND 205-101] Binding ...
INFO: [BIND 205-100] Finished micro-architecture generation.
INFO: [HLS 200-111]  Elapsed time: 0.139 seconds; current allocated memory: 210.603 MB.
INFO: [HLS 200-10] ----------------------------------------------------------------
INFO: [HLS 200-42] -- Implementing module 'load_weight' 
INFO: [HLS 200-10] ----------------------------------------------------------------
INFO: [SCHED 204-11] Starting scheduling ...
INFO: [SCHED 204-61] Pipelining loop 'memcpy.wt_buff.V.gep.weight.V'.
INFO: [SCHED 204-61] Pipelining result : Target II = 1, Final II = 1, Depth = 3.
INFO: [SCHED 204-11] Finished scheduling.
INFO: [HLS 200-111]  Elapsed time: 0.144 seconds; current allocated memory: 210.781 MB.
INFO: [BIND 205-100] Starting micro-architecture generation ...
INFO: [BIND 205-101] Performing variable lifetime analysis.
INFO: [BIND 205-101] Exploring resource sharing.
INFO: [BIND 205-101] Binding ...
INFO: [BIND 205-100] Finished micro-architecture generation.
INFO: [HLS 200-111]  Elapsed time: 0.056 seconds; current allocated memory: 210.937 MB.
INFO: [HLS 200-10] ----------------------------------------------------------------
INFO: [HLS 200-42] -- Implementing module 'compute4' 
INFO: [HLS 200-10] ----------------------------------------------------------------
INFO: [SCHED 204-11] Starting scheduling ...
INFO: [SCHED 204-61] Pipelining loop 'Loop 1'.
WARNING: [SCHED 204-69] Unable to schedule 'load' operation ('wt_buff_V_load_6', test_conv/src/test.cpp:106) on array 'wt_buff_V' due to limited memory ports. Please consider using a memory core with more ports or partitioning the array 'wt_buff_V'.
INFO: [SCHED 204-61] Pipelining result : Target II = 1, Final II = 24, Depth = 36.
INFO: [SCHED 204-11] Finished scheduling.
INFO: [HLS 200-111]  Elapsed time: 2.679 seconds; current allocated memory: 216.568 MB.
INFO: [BIND 205-100] Starting micro-architecture generation ...
INFO: [BIND 205-101] Performing variable lifetime analysis.
INFO: [BIND 205-101] Exploring resource sharing.
INFO: [BIND 205-101] Binding ...
INFO: [BIND 205-100] Finished micro-architecture generation.
INFO: [HLS 200-111]  Elapsed time: 1.64 seconds; current allocated memory: 225.655 MB.
INFO: [HLS 200-10] ----------------------------------------------------------------
INFO: [HLS 200-42] -- Implementing module 'store_output' 
INFO: [HLS 200-10] ----------------------------------------------------------------
INFO: [SCHED 204-11] Starting scheduling ...
INFO: [SCHED 204-11] Finished scheduling.
INFO: [HLS 200-111]  Elapsed time: 1.866 seconds; current allocated memory: 227.536 MB.
INFO: [BIND 205-100] Starting micro-architecture generation ...
INFO: [BIND 205-101] Performing variable lifetime analysis.
INFO: [BIND 205-101] Exploring resource sharing.
INFO: [BIND 205-101] Binding ...
INFO: [BIND 205-100] Finished micro-architecture generation.
INFO: [HLS 200-111]  Elapsed time: 0.104 seconds; current allocated memory: 227.917 MB.
INFO: [HLS 200-10] ----------------------------------------------------------------
INFO: [HLS 200-42] -- Implementing module 'compute_output' 
INFO: [HLS 200-10] ----------------------------------------------------------------
INFO: [SCHED 204-11] Starting scheduling ...
INFO: [SCHED 204-11] Finished scheduling.
INFO: [HLS 200-111]  Elapsed time: 0.127 seconds; current allocated memory: 228.160 MB.
INFO: [BIND 205-100] Starting micro-architecture generation ...
INFO: [BIND 205-101] Performing variable lifetime analysis.
INFO: [BIND 205-101] Exploring resource sharing.
INFO: [BIND 205-101] Binding ...
INFO: [BIND 205-100] Finished micro-architecture generation.
INFO: [HLS 200-111]  Elapsed time: 0.985 seconds; current allocated memory: 230.432 MB.
INFO: [HLS 200-10] ----------------------------------------------------------------
INFO: [HLS 200-42] -- Implementing module 'conv' 
INFO: [HLS 200-10] ----------------------------------------------------------------
INFO: [SCHED 204-11] Starting scheduling ...
INFO: [SCHED 204-61] Pipelining loop 'memcpy.bias_buff.V.addr.bias.V'.
INFO: [SCHED 204-61] Pipelining result : Target II = 1, Final II = 1, Depth = 2.
INFO: [SCHED 204-11] Finished scheduling.
INFO: [HLS 200-111]  Elapsed time: 0.857 seconds; current allocated memory: 232.720 MB.
INFO: [BIND 205-100] Starting micro-architecture generation ...
INFO: [BIND 205-101] Performing variable lifetime analysis.
INFO: [BIND 205-101] Exploring resource sharing.
INFO: [BIND 205-101] Binding ...
INFO: [BIND 205-100] Finished micro-architecture generation.
INFO: [HLS 200-111]  Elapsed time: 0.712 seconds; current allocated memory: 235.392 MB.
INFO: [HLS 200-10] ----------------------------------------------------------------
INFO: [HLS 200-10] -- Generating RTL for module 'load_input' 
INFO: [HLS 200-10] ----------------------------------------------------------------
INFO: [SYN 201-210] Renamed object name 'conv_urem_12ns_7ns_12_16_1' to 'conv_urem_12ns_7nbkb' due to the length limit 20
INFO: [RTGEN 206-100] Generating core module 'conv_urem_12ns_7nbkb': 1 instance(s).
INFO: [RTGEN 206-100] Finished creating RTL model for 'load_input'.
INFO: [HLS 200-111]  Elapsed time: 0.996 seconds; current allocated memory: 238.138 MB.
INFO: [HLS 200-10] ----------------------------------------------------------------
INFO: [HLS 200-10] -- Generating RTL for module 'load_weight' 
INFO: [HLS 200-10] ----------------------------------------------------------------
INFO: [SYN 201-210] Renamed object name 'conv_mac_muladd_7ns_9ns_31ns_32_1_1' to 'conv_mac_muladd_7cud' due to the length limit 20
INFO: [RTGEN 206-100] Generating core module 'conv_mac_muladd_7cud': 1 instance(s).
INFO: [RTGEN 206-100] Finished creating RTL model for 'load_weight'.
INFO: [HLS 200-111]  Elapsed time: 0.477 seconds; current allocated memory: 238.838 MB.
INFO: [HLS 200-10] ----------------------------------------------------------------
INFO: [HLS 200-10] -- Generating RTL for module 'compute4' 
INFO: [HLS 200-10] ----------------------------------------------------------------
INFO: [SYN 201-210] Renamed object name 'conv_mac_muladd_7ns_6ns_6ns_12_1_1' to 'conv_mac_muladd_7dEe' due to the length limit 20
INFO: [SYN 201-210] Renamed object name 'conv_mul_mul_16s_16s_32_1_1' to 'conv_mul_mul_16s_eOg' due to the length limit 20
INFO: [RTGEN 206-100] Generating core module 'conv_mac_muladd_7dEe': 1 instance(s).
INFO: [RTGEN 206-100] Generating core module 'conv_mul_mul_16s_eOg': 48 instance(s).
INFO: [RTGEN 206-100] Generating core module 'conv_mux_646_16_1_1': 16 instance(s).
INFO: [RTGEN 206-100] Finished creating RTL model for 'compute4'.
INFO: [HLS 200-111]  Elapsed time: 0.667 seconds; current allocated memory: 257.171 MB.
INFO: [HLS 200-10] ----------------------------------------------------------------
INFO: [HLS 200-10] -- Generating RTL for module 'store_output' 
INFO: [HLS 200-10] ----------------------------------------------------------------
INFO: [SYN 201-210] Renamed object name 'conv_mul_mul_5ns_15ns_20_1_1' to 'conv_mul_mul_5ns_fYi' due to the length limit 20
INFO: [RTGEN 206-100] Generating core module 'conv_mul_mul_5ns_fYi': 1 instance(s).
INFO: [RTGEN 206-100] Finished creating RTL model for 'store_output'.
INFO: [HLS 200-111]  Elapsed time: 8.303 seconds; current allocated memory: 264.727 MB.
INFO: [HLS 200-10] ----------------------------------------------------------------
INFO: [HLS 200-10] -- Generating RTL for module 'compute_output' 
INFO: [HLS 200-10] ----------------------------------------------------------------
INFO: [SYN 201-210] Renamed object name 'compute_output_wt_buff_V' to 'compute_output_wtg8j' due to the length limit 20
INFO: [SYN 201-210] Renamed object name 'compute_output_fm_out_buff_V' to 'compute_output_fmhbi' due to the length limit 20
INFO: [RTGEN 206-100] Finished creating RTL model for 'compute_output'.
INFO: [HLS 200-111]  Elapsed time: 0.632 seconds; current allocated memory: 266.223 MB.
INFO: [HLS 200-10] ----------------------------------------------------------------
INFO: [HLS 200-10] -- Generating RTL for module 'conv' 
INFO: [HLS 200-10] ----------------------------------------------------------------
INFO: [RTGEN 206-500] Setting interface mode on port 'conv/IN1' to 'm_axi'.
INFO: [RTGEN 206-500] Setting interface mode on port 'conv/IN2' to 'm_axi'.
INFO: [RTGEN 206-500] Setting interface mode on port 'conv/IN3' to 'm_axi'.
INFO: [RTGEN 206-500] Setting interface mode on port 'conv/W' to 'm_axi'.
INFO: [RTGEN 206-500] Setting interface mode on port 'conv/OUT_r' to 'm_axi'.
INFO: [RTGEN 206-500] Setting interface mode on port 'conv/in1_V' to 's_axilite & ap_none'.
INFO: [RTGEN 206-500] Setting interface mode on port 'conv/in2_V' to 's_axilite & ap_none'.
INFO: [RTGEN 206-500] Setting interface mode on port 'conv/in3_V' to 's_axilite & ap_none'.
INFO: [RTGEN 206-500] Setting interface mode on port 'conv/weight_V' to 's_axilite & ap_none'.
INFO: [RTGEN 206-500] Setting interface mode on port 'conv/bias_V' to 's_axilite & ap_none'.
INFO: [RTGEN 206-500] Setting interface mode on port 'conv/out_V' to 's_axilite & ap_none'.
INFO: [RTGEN 206-500] Setting interface mode on function 'conv' to 's_axilite & ap_ctrl_hs'.
INFO: [RTGEN 206-100] Bundling port 'return', 'in1_V', 'in3_V', 'weight_V', 'bias_V' and 'out_V' to AXI-Lite port CTRL.
INFO: [SYN 201-210] Renamed object name 'conv_fm_in_buff1_0_V' to 'conv_fm_in_buff1_ibs' due to the length limit 20
INFO: [SYN 201-210] Renamed object name 'conv_fm_in_buff1_1_V' to 'conv_fm_in_buff1_jbC' due to the length limit 20
INFO: [SYN 201-210] Renamed object name 'conv_fm_in_buff1_2_V' to 'conv_fm_in_buff1_kbM' due to the length limit 20
INFO: [SYN 201-210] Renamed object name 'conv_fm_in_buff2_0_V' to 'conv_fm_in_buff2_lbW' due to the length limit 20
INFO: [SYN 201-210] Renamed object name 'conv_fm_in_buff2_1_V' to 'conv_fm_in_buff2_mb6' due to the length limit 20
INFO: [SYN 201-210] Renamed object name 'conv_fm_in_buff2_2_V' to 'conv_fm_in_buff2_ncg' due to the length limit 20
INFO: [RTGEN 206-100] Finished creating RTL model for 'conv'.
INFO: [HLS 200-111]  Elapsed time: 1.342 seconds; current allocated memory: 271.483 MB.
INFO: [HLS 200-790] **** Loop Constraint Status: All loop constraints were NOT satisfied.
INFO: [HLS 200-789] **** Estimated Fmax: 114.29 MHz
INFO: [RTMG 210-282] Generating pipelined core: 'conv_urem_12ns_7nbkb_div'
INFO: [RTMG 210-278] Implementing memory 'compute_output_wtg8j_ram (RAM)' using block RAMs.
INFO: [RTMG 210-278] Implementing memory 'compute_output_fmhbi_ram (RAM)' using block RAMs.
INFO: [RTMG 210-278] Implementing memory 'conv_fm_in_buff1_ibs_ram (RAM)' using block RAMs.
INFO: [HLS 200-111] Finished generating all RTL models Time (s): cpu = 00:00:23 ; elapsed = 00:00:50 . Memory (MB): peak = 401.242 ; gain = 308.801
INFO: [VHDL 208-304] Generating VHDL RTL for conv.
INFO: [VLOG 209-307] Generating Verilog RTL for conv.
INFO: [HLS 200-112] Total elapsed time: 49.786 seconds; peak allocated memory: 271.483 MB.
==============================================================
Vivado(TM) HLS - High-Level Synthesis from C, C++ and SystemC v2019.2 (64-bit)
Copyright 1986-2019 Xilinx, Inc. All Rights Reserved.
==============================================================
INFO: [SYN 201-201] Setting up clock 'default' with a period of 10ns.
INFO: [HLS 200-10] Setting target device to 'xc7z020-clg400-2'
INFO: [SIM 211-2] *************** CSIM start ***************
INFO: [SIM 211-4] CSIM will launch GCC as the compiler.
INFO: [SIM 211-1] CSim done with 0 errors.
INFO: [SIM 211-3] *************** CSIM finish ***************
